2023-03-16 11:32:26,268 INFO     [configure_runtime.py:161] <configure_runtime> {rank 0/4} 
     __  __      ____                              __  _______ 
    / / / /_  __/ / /__  _________ _____ ______   /  |/  / __ \
   / /_/ / / / / / / _ \/ ___/ __ `/ __ `/ ___/  / /|_/ / / / /
  / __  / /_/ / / /  __/ /  / /_/ / /_/ (__  )  / /  / / /_/ / 
 /_/ /_/\__, /_/_/\___/_/   \__,_/\__,_/____/  /_/  /_/_____/  
       /____/ 
                         Version 1.0.8                      

 Please read and cite accordingly the references below:
 [1] Milano, G.; Kawakatsu, T. Hybrid particle-field molecular dynamics 
 simulations for dense polymer systems. J. Chem. Phys. 2009, 130, 214106.
 
 [2] Bore, S. L.; Cascella, M. Hamiltonian and alias-free hybrid 
 particle–field molecular dynamics. J. Chem. Phys. 2020, 153, 094106.
 
 [3] Kolli, H. B.; De Nicola, A.; Bore, S. L.; Schäfer, K.; Diezemann, G.;
 Gauss, J.; Kawakatsu, T.;Lu, Z.-Y.; Zhu, Y.-L.; Milano, G.; Cascella, M. 
 Hybrid Particle-Field Molecular DynamicsSimulations of Charged Amphiphiles 
 in an Aqueous Environment. J. Chem. Theory Comput. 2018, 14, 4928–4937.
 
 [4] Bore, S. L.; Milano, G.; Cascella, M. Hybrid Particle-Field Model for
 Conformational Dynamics of Peptide Chains. J. Chem. Theory Comput. 2018,
 14, 1120–1130.
 
 [5] Periole, X.; Cavalli, M.; Marrink, S. J.; Ceruso, M. A. Combining an 
 elastic network with a coarse-grained molecular force field: structure, 
 dynamics, and intermolecular recognition. J. Chem. Theory Comput. 2009, 
 5.9, 2531-2543.

2023-03-16 11:32:26,269 INFO     [configure_runtime.py:185] <configure_runtime> {rank 0/4} Attempting to parse config file examples/dppc/configtest.tomli as .toml
2023-03-16 11:32:37,212 INFO     [configure_runtime.py:161] <configure_runtime> {rank 0/4} 
     __  __      ____                              __  _______ 
    / / / /_  __/ / /__  _________ _____ ______   /  |/  / __ \
   / /_/ / / / / / / _ \/ ___/ __ `/ __ `/ ___/  / /|_/ / / / /
  / __  / /_/ / / /  __/ /  / /_/ / /_/ (__  )  / /  / / /_/ / 
 /_/ /_/\__, /_/_/\___/_/   \__,_/\__,_/____/  /_/  /_/_____/  
       /____/ 
                         Version 1.0.8                      

 Please read and cite accordingly the references below:
 [1] Milano, G.; Kawakatsu, T. Hybrid particle-field molecular dynamics 
 simulations for dense polymer systems. J. Chem. Phys. 2009, 130, 214106.
 
 [2] Bore, S. L.; Cascella, M. Hamiltonian and alias-free hybrid 
 particle–field molecular dynamics. J. Chem. Phys. 2020, 153, 094106.
 
 [3] Kolli, H. B.; De Nicola, A.; Bore, S. L.; Schäfer, K.; Diezemann, G.;
 Gauss, J.; Kawakatsu, T.;Lu, Z.-Y.; Zhu, Y.-L.; Milano, G.; Cascella, M. 
 Hybrid Particle-Field Molecular DynamicsSimulations of Charged Amphiphiles 
 in an Aqueous Environment. J. Chem. Theory Comput. 2018, 14, 4928–4937.
 
 [4] Bore, S. L.; Milano, G.; Cascella, M. Hybrid Particle-Field Model for
 Conformational Dynamics of Peptide Chains. J. Chem. Theory Comput. 2018,
 14, 1120–1130.
 
 [5] Periole, X.; Cavalli, M.; Marrink, S. J.; Ceruso, M. A. Combining an 
 elastic network with a coarse-grained molecular force field: structure, 
 dynamics, and intermolecular recognition. J. Chem. Theory Comput. 2009, 
 5.9, 2531-2543.

2023-03-16 11:32:37,212 INFO     [configure_runtime.py:185] <configure_runtime> {rank 0/4} Attempting to parse config file examples/dppc/configtest.tomli as .toml
2023-03-16 11:32:37,213 INFO     [configure_runtime.py:207] <configure_runtime> {rank 0/4} Successfully parsed examples/dppc/configtest.tomli as .toml file
2023-03-16 11:32:37,213 INFO     [configure_runtime.py:211] <configure_runtime> {rank 0/4} 

	Config: /Users/samiransen23/hymd-module-fork/examples/dppc/configtest.tomli
	--------------------------------------------------
	n_steps: 33
	time_step: 0.3
	mesh_size: [32, 32, 32]
	sigma: 0.5
	kappa: 0.05
	dtype: None
	box_size: [13, 13, 14]
	n_print: 3
	tau: 0.1
	start_temperature: 323
	target_temperature: 323
	mass: 72.0
	hamiltonian: DefaultWithChi
	domain_decomposition: 5000
	integrator: respa
	respa_inner: 10
	file_name: /Users/samiransen23/hymd-module-fork/examples/dppc/configtest.tomli
	name: DPPC bilayer with ML interaction parameters
	tags: ['bilayer', 'solvent', 'DPPC']
	n_particles: 20336
	max_molecule_size: 15
	n_flush: 2
	thermostat_work: 0.0
	initial_energy: None
	cancel_com_momentum: True
	coulombtype: None
	convergence_type: None
	pol_mixing: None
	dielectric_const: None
	conv_crit: None
	dielectric_type: []
	self_energy: None
	type_charges: []
	rho0: 8.86
	a: 9.21
	pressure: True
	barostat: semiisotropic
	barostat_type: None
	tau_p: 0.1
	n_b: 1
	m: []
	command_line_full: /Users/samiransen23/hymd-module-fork/hymd/__main__.py examples/dppc/configtest.tomli examples/dppc/dppc.h5 --seed 12345
	target_pressure:
		P_L: 1
		P_N: 1
	bonds:
		N P: 0.47, 1250.0
		P G: 0.47, 1250.0
		G G: 0.37, 1250.0
		G C: 0.47, 1250.0
		C C: 0.47, 1250.0
	angle_bonds:
		P G G: 120.0, 25.0
		P G C: 180.0, 25.0
		G C C: 180.0, 25.0
		C C C: 180.0, 25.0
	dihedrals:
	chi:
		N P: -10.41
		G N: -10.57
		C N: -13.73
		N W: -15.51
		G P: -8.62
		C P: 19.96
		P W: -3.02
		C G: 16.47
		G W: -12.05
		C W: 24.28

2023-03-16 11:32:37,272 WARNING  [input_parser.py:1101] <check_NPT_conditions> {rank 0/4} barostat_type not specified,setting to berendsen
2023-03-16 11:32:37,273 INFO     [thermostat.py:36] <generate_initial_velocities> {rank 0/4} Initialized 20336 velocities, target kinetic energy: 81920.6656631832, actual kinetic energy generated: 81920.6630859375
2023-03-16 11:32:37,848 INFO     [main.py:245] <main> {rank 0/4} pfft-python processor mesh: (2, 2)
2023-03-16 11:32:42,711 INFO     [file_io.py:767] <store_data> {rank 0/4} 
         step         time         temp        tot E        kin E        pot E      field E       bond E        ang E           Px           Py           Pz           ΔH
            0            0          323   1.2226e+05        81921        40342       8927.4       7770.2        23644  -0.00061798    -0.001339   -0.0011673            0
2023-03-16 11:32:43,302 INFO     [file_io.py:767] <store_data> {rank 0/4} 
         step         time         temp        tot E        kin E        pot E      field E       bond E        ang E           Px           Py           Pz           ΔH
            3            9       324.49   3.0325e+12        82299   3.0325e+12   2.4003e+12   6.3222e+11   1.4233e+05   -0.0022327  -0.00039905  -0.00095535   2.0172e+13
2023-03-16 11:32:43,945 INFO     [file_io.py:767] <store_data> {rank 0/4} 
         step         time         temp        tot E        kin E        pot E      field E       bond E        ang E           Px           Py           Pz           ΔH
            6           18       325.17   9.0433e+14        82472   9.0433e+14   7.5349e+14   1.5084e+14   1.4233e+05   -0.0025971  -0.00087554    0.0028773    6.613e+15
2023-03-16 11:32:44,638 INFO     [file_io.py:767] <store_data> {rank 0/4} 
         step         time         temp        tot E        kin E        pot E      field E       bond E        ang E           Px           Py           Pz           ΔH
            9           27       333.93   8.8944e+15        84693   8.8944e+15   7.7569e+15   1.1375e+15   1.3873e+05    0.0015327  -0.00068976   -0.0013671   7.5147e+16
2023-03-16 11:32:45,323 INFO     [file_io.py:767] <store_data> {rank 0/4} 
         step         time         temp        tot E        kin E        pot E      field E       bond E        ang E           Px           Py           Pz           ΔH
           12           36       355.21   3.0999e+16        90090   3.0999e+16   2.7845e+16   3.1542e+15   1.4351e+05     0.015609   -0.0016819     0.020404   3.0219e+17
2023-03-16 11:32:46,024 INFO     [file_io.py:767] <store_data> {rank 0/4} 
         step         time         temp        tot E        kin E        pot E      field E       bond E        ang E           Px           Py           Pz           ΔH
           15           45        385.7   6.7538e+16        97822   6.7538e+16    6.171e+16    5.829e+15    1.431e+05   -0.0031991    0.0075597   -0.0064311   7.5622e+17
2023-03-16 11:32:46,716 INFO     [file_io.py:767] <store_data> {rank 0/4} 
         step         time         temp        tot E        kin E        pot E      field E       bond E        ang E           Px           Py           Pz           ΔH
           18           54       417.76   1.1686e+17   1.0595e+05   1.1686e+17   1.0803e+17    8.834e+15   1.3893e+05   3.0093e-05     0.022771     0.045728   1.4891e+18
2023-03-16 11:32:47,409 INFO     [file_io.py:767] <store_data> {rank 0/4} 
         step         time         temp        tot E        kin E        pot E      field E       bond E        ang E           Px           Py           Pz           ΔH
           21           63       452.09   1.7081e+17   1.1466e+05   1.7081e+17   1.5898e+17   1.1828e+16   1.3874e+05      0.01205   -0.0015691  -0.00090496   2.4827e+18
2023-03-16 11:32:48,099 INFO     [file_io.py:767] <store_data> {rank 0/4} 
         step         time         temp        tot E        kin E        pot E      field E       bond E        ang E           Px           Py           Pz           ΔH
           24           72       485.14   2.2516e+17   1.2304e+05   2.2516e+17   2.1061e+17    1.455e+16   1.4089e+05     0.012198   -0.0061956     0.001964   3.7219e+18
2023-03-16 11:32:48,762 INFO     [file_io.py:767] <store_data> {rank 0/4} 
         step         time         temp        tot E        kin E        pot E      field E       bond E        ang E           Px           Py           Pz           ΔH
           27           81       500.82   2.7655e+17   1.2702e+05   2.7655e+17   2.5968e+17   1.6875e+16   1.4071e+05     0.020775    -0.011311    0.0042778   5.1793e+18
2023-03-16 11:32:49,409 INFO     [file_io.py:767] <store_data> {rank 0/4} 
         step         time         temp        tot E        kin E        pot E      field E       bond E        ang E           Px           Py           Pz           ΔH
           30           90       527.67   3.2557e+17   1.3383e+05   3.2557e+17   3.0637e+17   1.9198e+16   1.4264e+05    -0.039039   -0.0075746    -0.033042   6.8455e+18
2023-03-16 11:32:50,065 INFO     [file_io.py:767] <store_data> {rank 0/4} 
         step         time         temp        tot E        kin E        pot E      field E       bond E        ang E           Px           Py           Pz           ΔH
           33           99        548.9   3.6841e+17   1.3921e+05   3.6841e+17   3.4774e+17   2.0674e+16   1.3832e+05    0.0016332    -0.019796    -0.009846   8.6728e+18
2023-03-16 11:32:50,065 INFO     [main.py:1325] <main> {rank 0/4} Elapsed time: 00:00:12.856524   Setup time: 00:00:05.502187   MD loop time: 00:00:07.354337
2023-03-16 11:34:25,198 INFO     [configure_runtime.py:161] <configure_runtime> {rank 0/4} 
     __  __      ____                              __  _______ 
    / / / /_  __/ / /__  _________ _____ ______   /  |/  / __ \
   / /_/ / / / / / / _ \/ ___/ __ `/ __ `/ ___/  / /|_/ / / / /
  / __  / /_/ / / /  __/ /  / /_/ / /_/ (__  )  / /  / / /_/ / 
 /_/ /_/\__, /_/_/\___/_/   \__,_/\__,_/____/  /_/  /_/_____/  
       /____/ 
                         Version 1.0.8                      

 Please read and cite accordingly the references below:
 [1] Milano, G.; Kawakatsu, T. Hybrid particle-field molecular dynamics 
 simulations for dense polymer systems. J. Chem. Phys. 2009, 130, 214106.
 
 [2] Bore, S. L.; Cascella, M. Hamiltonian and alias-free hybrid 
 particle–field molecular dynamics. J. Chem. Phys. 2020, 153, 094106.
 
 [3] Kolli, H. B.; De Nicola, A.; Bore, S. L.; Schäfer, K.; Diezemann, G.;
 Gauss, J.; Kawakatsu, T.;Lu, Z.-Y.; Zhu, Y.-L.; Milano, G.; Cascella, M. 
 Hybrid Particle-Field Molecular DynamicsSimulations of Charged Amphiphiles 
 in an Aqueous Environment. J. Chem. Theory Comput. 2018, 14, 4928–4937.
 
 [4] Bore, S. L.; Milano, G.; Cascella, M. Hybrid Particle-Field Model for
 Conformational Dynamics of Peptide Chains. J. Chem. Theory Comput. 2018,
 14, 1120–1130.
 
 [5] Periole, X.; Cavalli, M.; Marrink, S. J.; Ceruso, M. A. Combining an 
 elastic network with a coarse-grained molecular force field: structure, 
 dynamics, and intermolecular recognition. J. Chem. Theory Comput. 2009, 
 5.9, 2531-2543.

2023-03-16 11:34:25,198 INFO     [configure_runtime.py:185] <configure_runtime> {rank 0/4} Attempting to parse config file examples/dppc/configtest.tomli as .toml
2023-03-16 11:34:25,200 INFO     [configure_runtime.py:207] <configure_runtime> {rank 0/4} Successfully parsed examples/dppc/configtest.tomli as .toml file
2023-03-16 11:34:25,200 INFO     [configure_runtime.py:211] <configure_runtime> {rank 0/4} 

	Config: /Users/samiransen23/hymd-module-fork/examples/dppc/configtest.tomli
	--------------------------------------------------
	n_steps: 8000
	time_step: 0.03
	mesh_size: [32, 32, 32]
	sigma: 0.5
	kappa: 0.05
	dtype: None
	box_size: [11.888, 11.888, 17.424]
	n_print: 2000
	tau: 0.1
	start_temperature: False
	target_temperature: 323
	mass: 72.0
	hamiltonian: DefaultWithChi
	domain_decomposition: 5000
	integrator: respa
	respa_inner: 10
	file_name: /Users/samiransen23/hymd-module-fork/examples/dppc/configtest.tomli
	name: DPPC bilayer with ML interaction parameters
	tags: ['bilayer', 'solvent', 'DPPC']
	n_particles: 20336
	max_molecule_size: 15
	n_flush: 1
	thermostat_work: 0.0
	initial_energy: None
	cancel_com_momentum: True
	coulombtype: None
	convergence_type: None
	pol_mixing: None
	dielectric_const: None
	conv_crit: None
	dielectric_type: []
	self_energy: None
	type_charges: []
	rho0: 8.86
	a: 9.21
	pressure: True
	barostat: semiisotropic
	barostat_type: None
	tau_p: 0.1
	n_b: 1
	m: []
	command_line_full: /Users/samiransen23/hymd-module-fork/hymd/__main__.py examples/dppc/configtest.tomli examples/dppc/input_resume.h5 --seed 12345
	target_pressure:
		P_L: 1
		P_N: 1
	bonds:
		N P: 0.47, 1250.0
		P G: 0.47, 1250.0
		G G: 0.37, 1250.0
		G C: 0.47, 1250.0
		C C: 0.47, 1250.0
	angle_bonds:
		P G G: 120.0, 25.0
		P G C: 180.0, 25.0
		G C C: 180.0, 25.0
		C C C: 180.0, 25.0
	dihedrals:
	chi:
		N P: -10.41
		G N: -10.57
		C N: -13.73
		N W: -15.51
		G P: -8.62
		C P: 19.96
		P W: -3.02
		C G: 16.47
		G W: -12.05
		C W: 24.28

2023-03-16 11:34:25,249 WARNING  [input_parser.py:1101] <check_NPT_conditions> {rank 0/4} barostat_type not specified,setting to berendsen
2023-03-16 11:34:25,639 INFO     [main.py:245] <main> {rank 0/4} pfft-python processor mesh: (2, 2)
2023-03-16 11:34:30,528 INFO     [file_io.py:767] <store_data> {rank 0/4} 
         step         time         temp        tot E        kin E        pot E      field E       bond E        ang E           Px           Py           Pz           ΔH
            0            0       323.32   1.0722e+05        82003        25216       8215.3         7904       9096.6    0.0035019  -0.00020599    0.0020256   -0.0021973
2023-03-16 11:37:19,139 INFO     [file_io.py:767] <store_data> {rank 0/4} 
         step         time         temp        tot E        kin E        pot E      field E       bond E        ang E           Px           Py           Pz           ΔH
         2000          600       319.77   1.0689e+05        81102        25783       7676.1       8518.7       9588.5    0.0028152  -0.00048065    0.0022316       332.03
2023-03-16 11:40:22,183 INFO     [file_io.py:767] <store_data> {rank 0/4} 
         step         time         temp        tot E        kin E        pot E      field E       bond E        ang E           Px           Py           Pz           ΔH
         4000         1200       321.89   1.0791e+05        81638        26268       7938.6       8457.2       9872.6   0.00075531   0.00068665   0.00068665       1070.1
